<?xml version="1.0" encoding="UTF-8"?>
<testsuite xmlns:xsi="http://www.w3.org/2001/XMLSchema-instance" xsi:noNamespaceSchemaLocation="https://maven.apache.org/surefire/maven-surefire-plugin/xsd/surefire-test-report-3.0.xsd" version="3.0" name="com.luv2code.junitdemo.ConditionalTest" time="0.074" tests="11" errors="0" skipped="7" failures="0">
  <properties>
[...]
</properties>
  <testcase name="testForWindowsAndMac" classname="com.luv2code.junitdemo.ConditionalTest" time="0">
    <skipped message="Disabled on operating system: Linux"/>
  </testcase>
  <testcase name="basicTest" classname="com.luv2code.junitdemo.ConditionalTest" time="0">
    <skipped message="Do not run untill JIRA #123 is resolved"/>
  </testcase>
  <testcase name="testOnlyForDevEnviroment" classname="com.luv2code.junitdemo.ConditionalTest" time="0">
    <skipped message="Environment variable [DENNIS_ENV] does not exist"/>
  </testcase>
  <testcase name="testOnlyForSystemProperty" classname="com.luv2code.junitdemo.ConditionalTest" time="0">
    <skipped message="System property [DENNIS_SYS_PROP] does not exist"/>
  </testcase>
  <testcase name="testForLinuxOnly" classname="com.luv2code.junitdemo.ConditionalTest" time="0.012"/>
  <testcase name="testOnlyForJavaRange" classname="com.luv2code.junitdemo.ConditionalTest" time="0.001"/>
  <testcase name="testOnlyForJava13" classname="com.luv2code.junitdemo.ConditionalTest" time="0">
    <skipped message="Disabled on JRE version: 17.0.4.1"/>
  </testcase>
  <testcase name="testOnlyForJava17" classname="com.luv2code.junitdemo.ConditionalTest" time="0.001"/>
  <testcase name="testForMacOnly" classname="com.luv2code.junitdemo.ConditionalTest" time="0">
    <skipped message="Disabled on operating system: Linux"/>
  </testcase>
  <testcase name="testForWindowsOnly" classname="com.luv2code.junitdemo.ConditionalTest" time="0">
    <skipped message="Disabled on operating system: Linux"/>
  </testcase>
  <testcase name="testForJavaRangeMin" classname="com.luv2code.junitdemo.ConditionalTest" time="0.001"/>
</testsuite>